INFO: [VRFC 10-2263] Analyzing Verilog file "D:/vivado_project/lab5/lab5.sim/sim_1/synth/func/xsim/nano_sc_system_func_synth.v" into library xil_defaultlib
INFO: [VRFC 10-311] analyzing module ClockDiv
INFO: [VRFC 10-311] analyzing module Display
INFO: [VRFC 10-311] analyzing module system
INFO: [VRFC 10-311] analyzing module glbl
INFO: [VRFC 10-2263] Analyzing Verilog file "D:/vivado_project/lab5/lab5.srcs/sources_1/new/adder.v" into library xil_defaultlib
INFO: [VRFC 10-311] analyzing module adder
INFO: [VRFC 10-2263] Analyzing Verilog file "D:/vivado_project/lab5/lab5.srcs/sources_1/new/alu.v" into library xil_defaultlib
INFO: [VRFC 10-311] analyzing module alu
INFO: [VRFC 10-2263] Analyzing Verilog file "D:/vivado_project/lab5/lab5.srcs/sources_1/new/control.v" into library xil_defaultlib
INFO: [VRFC 10-311] analyzing module control
INFO: [VRFC 10-2263] Analyzing Verilog file "D:/vivado_project/lab5/lab5.srcs/sources_1/new/extender.v" into library xil_defaultlib
INFO: [VRFC 10-311] analyzing module extender
INFO: [VRFC 10-2263] Analyzing Verilog file "D:/vivado_project/lab5/lab5.srcs/sources_1/new/memory.v" into library xil_defaultlib
INFO: [VRFC 10-311] analyzing module memory
INFO: [VRFC 10-2263] Analyzing Verilog file "D:/vivado_project/lab5/lab5.srcs/sources_1/new/mux2_1.v" into library xil_defaultlib
INFO: [VRFC 10-311] analyzing module mux2_1
INFO: [VRFC 10-2263] Analyzing Verilog file "D:/vivado_project/lab5/lab5.srcs/sources_1/new/nanocpu.v" into library xil_defaultlib
INFO: [VRFC 10-311] analyzing module nanocpu
INFO: [VRFC 10-2263] Analyzing Verilog file "D:/vivado_project/lab5/lab5.srcs/sources_1/new/regfile.v" into library xil_defaultlib
INFO: [VRFC 10-311] analyzing module regfile
INFO: [VRFC 10-2263] Analyzing Verilog file "D:/vivado_project/lab5/lab5.srcs/sources_1/new/rom.v" into library xil_defaultlib
INFO: [VRFC 10-311] analyzing module rom
INFO: [VRFC 10-2263] Analyzing Verilog file "D:/vivado_project/lab5/lab5.srcs/sources_1/new/nano_sc_system.v" into library xil_defaultlib
INFO: [VRFC 10-311] analyzing module nano_sc_system
